[01m[K/home/rvmi/catkin_ws/src/pcl_tutorial/src/normals.cpp:[m[K In function â€˜[01m[Kvoid callback(const ConstPtr&)[m[Kâ€™:
[01m[K/home/rvmi/catkin_ws/src/pcl_tutorial/src/normals.cpp:20:70:[m[K [01;35m[Kwarning: [m[Ktoo many arguments for format [-Wformat-extra-args]
   printf ("Cloud: width = 640, height = 480", msg->width, msg->height);
[01;32m[K                                                                      ^[m[K
[01m[K/home/rvmi/catkin_ws/src/pcl_tutorial/src/normals.cpp:[m[K In function â€˜[01m[Kint main(int, char**)[m[Kâ€™:
[01m[K/home/rvmi/catkin_ws/src/pcl_tutorial/src/normals.cpp:38:14:[m[K [01;31m[Kerror: [m[Kâ€˜[01m[KIntegralImageNormalEstimation[m[Kâ€™ is not a member of â€˜[01m[Kpcl[m[Kâ€™
              pcl::IntegralImageNormalEstimation<pcl::PointXYZ, pcl::Normal> ne;
[01;32m[K              ^[m[K
[01m[K/home/rvmi/catkin_ws/src/pcl_tutorial/src/normals.cpp:38:62:[m[K [01;31m[Kerror: [m[Kexpected primary-expression before â€˜[01m[K,[m[Kâ€™ token
              pcl::IntegralImageNormalEstimation<pcl::PointXYZ, pcl::Normal> ne;
[01;32m[K                                                              ^[m[K
[01m[K/home/rvmi/catkin_ws/src/pcl_tutorial/src/normals.cpp:38:75:[m[K [01;31m[Kerror: [m[Kexpected primary-expression before â€˜[01m[K>[m[Kâ€™ token
              pcl::IntegralImageNormalEstimation<pcl::PointXYZ, pcl::Normal> ne;
[01;32m[K                                                                           ^[m[K
[01m[K/home/rvmi/catkin_ws/src/pcl_tutorial/src/normals.cpp:38:77:[m[K [01;31m[Kerror: [m[Kâ€˜[01m[Kne[m[Kâ€™ was not declared in this scope
              pcl::IntegralImageNormalEstimation<pcl::PointXYZ, pcl::Normal> ne;
[01;32m[K                                                                             ^[m[K
make[2]: *** [CMakeFiles/normals.dir/src/normals.cpp.o] Error 1
make[1]: *** [CMakeFiles/normals.dir/all] Error 2
make: *** [all] Error 2
